1645340684263	geckodriver	INFO	Listening on 127.0.0.1:4620
1645340687337	mozrunner::runner	INFO	Running command: "C:\\Program Files\\Mozilla Firefox\\firefox.exe" "--marionette" "--remote-debugging-port" "4621" "-no-remote" "-profile" "C:\\Users\\javjm\\AppData\\Local\\Temp\\rust_mozprofilexeBX4d"
1645340687894	Marionette	INFO	Marionette enabled
console.warn: SearchSettings: "get: No settings file exists, new profile?" (new NotFoundError("Could not open the file at C:\\Users\\javjm\\AppData\\Local\\Temp\\rust_mozprofilexeBX4d\\search.json.mozlz4", (void 0)))
DevTools listening on ws://localhost:4621/devtools/browser/3ae56dfb-88e1-45d5-98ba-50ac4c1092b8
1645340690564	Marionette	INFO	Listening on port 4626
1645340691045	RemoteAgent	WARN	TLS certificate errors will be ignored for this session
1645340693345	Marionette	INFO	Stopped listening on port 4626
JavaScript error: resource:///modules/Interactions.jsm, line 209: NS_ERROR_FAILURE: Component returned failure code: 0x80004005 (NS_ERROR_FAILURE) [nsIUserIdleService.removeIdleObserver]
!!! error running onStopped callback: TypeError: callback is not a function
1645340693822	RemoteAgent	ERROR	unable to stop listener: [Exception... "Component returned failure code: 0x8000ffff (NS_ERROR_UNEXPECTED) [nsIWindowMediator.getEnumerator]"  nsresult: "0x8000ffff (NS_ERROR_UNEXPECTED)"  location: "JS frame :: chrome://remote/content/cdp/observers/TargetObserver.jsm :: stop :: line 64"  data: no] Stack trace: stop()@TargetObserver.jsm:64
unwatchForTabs()@TargetList.jsm:70
unwatchForTargets()@TargetList.jsm:37
destructor()@TargetList.jsm:109
stop()@CDP.jsm:104
close()@RemoteAgent.jsm:138
1645340694394	geckodriver	INFO	Listening on 127.0.0.1:4664
1645340697454	mozrunner::runner	INFO	Running command: "C:\\Program Files\\Mozilla Firefox\\firefox.exe" "--marionette" "--remote-debugging-port" "4665" "-no-remote" "-profile" "C:\\Users\\javjm\\AppData\\Local\\Temp\\rust_mozprofilesGmKiR"
1645340697946	Marionette	INFO	Marionette enabled
console.warn: SearchSettings: "get: No settings file exists, new profile?" (new NotFoundError("Could not open the file at C:\\Users\\javjm\\AppData\\Local\\Temp\\rust_mozprofilesGmKiR\\search.json.mozlz4", (void 0)))
DevTools listening on ws://localhost:4665/devtools/browser/662eee78-12d7-4f42-99de-56f983dcf232
1645340700494	Marionette	INFO	Listening on port 4670
1645340700650	RemoteAgent	WARN	TLS certificate errors will be ignored for this session
1645340701677	Marionette	INFO	Stopped listening on port 4670
JavaScript error: resource:///modules/Interactions.jsm, line 209: NS_ERROR_FAILURE: Component returned failure code: 0x80004005 (NS_ERROR_FAILURE) [nsIUserIdleService.removeIdleObserver]
!!! error running onStopped callback: TypeError: callback is not a function

###!!! [Parent][RunMessage] Error: Channel closing: too late to send/recv, messages will be lost

1645340702182	RemoteAgent	ERROR	unable to stop listener: [Exception... "Component returned failure code: 0x8000ffff (NS_ERROR_UNEXPECTED) [nsIWindowMediator.getEnumerator]"  nsresult: "0x8000ffff (NS_ERROR_UNEXPECTED)"  location: "JS frame :: chrome://remote/content/cdp/observers/TargetObserver.jsm :: stop :: line 64"  data: no] Stack trace: stop()@TargetObserver.jsm:64
unwatchForTabs()@TargetList.jsm:70
unwatchForTargets()@TargetList.jsm:37
destructor()@TargetList.jsm:109
stop()@CDP.jsm:104
close()@RemoteAgent.jsm:138
1645341441548	geckodriver	INFO	Listening on 127.0.0.1:5108
1645341444642	mozrunner::runner	INFO	Running command: "C:\\Program Files\\Mozilla Firefox\\firefox.exe" "--marionette" "--remote-debugging-port" "5109" "-no-remote" "-profile" "C:\\Users\\javjm\\AppData\\Local\\Temp\\rust_mozprofilefKTuns"
1645341445126	Marionette	INFO	Marionette enabled
console.warn: SearchSettings: "get: No settings file exists, new profile?" (new NotFoundError("Could not open the file at C:\\Users\\javjm\\AppData\\Local\\Temp\\rust_mozprofilefKTuns\\search.json.mozlz4", (void 0)))
DevTools listening on ws://localhost:5109/devtools/browser/99df20f7-3aad-471d-92c5-b1d807b6c943
1645341447642	Marionette	INFO	Listening on port 5116
1645341447870	RemoteAgent	WARN	TLS certificate errors will be ignored for this session
1645341450116	Marionette	INFO	Stopped listening on port 5116
JavaScript error: resource:///modules/Interactions.jsm, line 209: NS_ERROR_FAILURE: Component returned failure code: 0x80004005 (NS_ERROR_FAILURE) [nsIUserIdleService.removeIdleObserver]
!!! error running onStopped callback: TypeError: callback is not a function

###!!! [Parent][RunMessage] Error: Channel closing: too late to send/recv, messages will be lost

1645341450565	RemoteAgent	ERROR	unable to stop listener: [Exception... "Component returned failure code: 0x8000ffff (NS_ERROR_UNEXPECTED) [nsIWindowMediator.getEnumerator]"  nsresult: "0x8000ffff (NS_ERROR_UNEXPECTED)"  location: "JS frame :: chrome://remote/content/cdp/observers/TargetObserver.jsm :: stop :: line 64"  data: no] Stack trace: stop()@TargetObserver.jsm:64
unwatchForTabs()@TargetList.jsm:70
unwatchForTargets()@TargetList.jsm:37
destructor()@TargetList.jsm:109
stop()@CDP.jsm:104
close()@RemoteAgent.jsm:138
1645341451079	geckodriver	INFO	Listening on 127.0.0.1:5157
1645341454165	mozrunner::runner	INFO	Running command: "C:\\Program Files\\Mozilla Firefox\\firefox.exe" "--marionette" "--remote-debugging-port" "5158" "-no-remote" "-profile" "C:\\Users\\javjm\\AppData\\Local\\Temp\\rust_mozprofileYk8Api"
1645341454632	Marionette	INFO	Marionette enabled
console.warn: SearchSettings: "get: No settings file exists, new profile?" (new NotFoundError("Could not open the file at C:\\Users\\javjm\\AppData\\Local\\Temp\\rust_mozprofileYk8Api\\search.json.mozlz4", (void 0)))
DevTools listening on ws://localhost:5158/devtools/browser/fa7993c5-aa09-403e-8b8d-8c7584b6ba30
1645341457245	Marionette	INFO	Listening on port 5165
1645341457364	RemoteAgent	WARN	TLS certificate errors will be ignored for this session
1645341458328	Marionette	INFO	Stopped listening on port 5165
JavaScript error: resource:///modules/Interactions.jsm, line 209: NS_ERROR_FAILURE: Component returned failure code: 0x80004005 (NS_ERROR_FAILURE) [nsIUserIdleService.removeIdleObserver]
!!! error running onStopped callback: TypeError: callback is not a function
1645341458862	RemoteAgent	ERROR	unable to stop listener: [Exception... "Component returned failure code: 0x8000ffff (NS_ERROR_UNEXPECTED) [nsIWindowMediator.getEnumerator]"  nsresult: "0x8000ffff (NS_ERROR_UNEXPECTED)"  location: "JS frame :: chrome://remote/content/cdp/observers/TargetObserver.jsm :: stop :: line 64"  data: no] Stack trace: stop()@TargetObserver.jsm:64
unwatchForTabs()@TargetList.jsm:70
unwatchForTargets()@TargetList.jsm:37
destructor()@TargetList.jsm:109
stop()@CDP.jsm:104
close()@RemoteAgent.jsm:138
1645341494044	geckodriver	INFO	Listening on 127.0.0.1:5213
1645341497143	mozrunner::runner	INFO	Running command: "C:\\Program Files\\Mozilla Firefox\\firefox.exe" "--marionette" "--remote-debugging-port" "5214" "-no-remote" "-profile" "C:\\Users\\javjm\\AppData\\Local\\Temp\\rust_mozprofilez7bmPu"
1645341497618	Marionette	INFO	Marionette enabled
console.warn: SearchSettings: "get: No settings file exists, new profile?" (new NotFoundError("Could not open the file at C:\\Users\\javjm\\AppData\\Local\\Temp\\rust_mozprofilez7bmPu\\search.json.mozlz4", (void 0)))
DevTools listening on ws://localhost:5214/devtools/browser/225988f1-5b4d-4677-a572-8339490fcc00
1645341500163	Marionette	INFO	Listening on port 5220
1645341500337	RemoteAgent	WARN	TLS certificate errors will be ignored for this session
1645341501910	Marionette	INFO	Stopped listening on port 5220
JavaScript error: resource:///modules/Interactions.jsm, line 209: NS_ERROR_FAILURE: Component returned failure code: 0x80004005 (NS_ERROR_FAILURE) [nsIUserIdleService.removeIdleObserver]
!!! error running onStopped callback: TypeError: callback is not a function

###!!! [Parent][RunMessage] Error: Channel closing: too late to send/recv, messages will be lost

1645341502394	RemoteAgent	ERROR	unable to stop listener: [Exception... "Component returned failure code: 0x8000ffff (NS_ERROR_UNEXPECTED) [nsIWindowMediator.getEnumerator]"  nsresult: "0x8000ffff (NS_ERROR_UNEXPECTED)"  location: "JS frame :: chrome://remote/content/cdp/observers/TargetObserver.jsm :: stop :: line 64"  data: no] Stack trace: stop()@TargetObserver.jsm:64
unwatchForTabs()@TargetList.jsm:70
unwatchForTargets()@TargetList.jsm:37
destructor()@TargetList.jsm:109
stop()@CDP.jsm:104
close()@RemoteAgent.jsm:138
1645341555688	geckodriver	INFO	Listening on 127.0.0.1:5286
1645341558758	mozrunner::runner	INFO	Running command: "C:\\Program Files\\Mozilla Firefox\\firefox.exe" "--marionette" "--remote-debugging-port" "5287" "-no-remote" "-profile" "C:\\Users\\javjm\\AppData\\Local\\Temp\\rust_mozprofile0uzYov"
1645341559207	Marionette	INFO	Marionette enabled
console.warn: SearchSettings: "get: No settings file exists, new profile?" (new NotFoundError("Could not open the file at C:\\Users\\javjm\\AppData\\Local\\Temp\\rust_mozprofile0uzYov\\search.json.mozlz4", (void 0)))
DevTools listening on ws://localhost:5287/devtools/browser/956196e6-1794-41f7-a882-494b9be1cc91
1645341561594	Marionette	INFO	Listening on port 5293
1645341561962	RemoteAgent	WARN	TLS certificate errors will be ignored for this session
1645341563417	Marionette	INFO	Stopped listening on port 5293
JavaScript error: resource:///modules/Interactions.jsm, line 209: NS_ERROR_FAILURE: Component returned failure code: 0x80004005 (NS_ERROR_FAILURE) [nsIUserIdleService.removeIdleObserver]
!!! error running onStopped callback: TypeError: callback is not a function

###!!! [Parent][RunMessage] Error: Channel closing: too late to send/recv, messages will be lost

1645341563909	RemoteAgent	ERROR	unable to stop listener: [Exception... "Component returned failure code: 0x8000ffff (NS_ERROR_UNEXPECTED) [nsIWindowMediator.getEnumerator]"  nsresult: "0x8000ffff (NS_ERROR_UNEXPECTED)"  location: "JS frame :: chrome://remote/content/cdp/observers/TargetObserver.jsm :: stop :: line 64"  data: no] Stack trace: stop()@TargetObserver.jsm:64
unwatchForTabs()@TargetList.jsm:70
unwatchForTargets()@TargetList.jsm:37
destructor()@TargetList.jsm:109
stop()@CDP.jsm:104
close()@RemoteAgent.jsm:138
1645341617378	geckodriver	INFO	Listening on 127.0.0.1:5362
1645341620469	mozrunner::runner	INFO	Running command: "C:\\Program Files\\Mozilla Firefox\\firefox.exe" "--marionette" "--remote-debugging-port" "5363" "-no-remote" "-profile" "C:\\Users\\javjm\\AppData\\Local\\Temp\\rust_mozprofileYgeuEV"
1645341620916	Marionette	INFO	Marionette enabled
console.warn: SearchSettings: "get: No settings file exists, new profile?" (new NotFoundError("Could not open the file at C:\\Users\\javjm\\AppData\\Local\\Temp\\rust_mozprofileYgeuEV\\search.json.mozlz4", (void 0)))
DevTools listening on ws://localhost:5363/devtools/browser/e2535ffe-f221-4e35-9838-01cfb463482b
1645341623298	Marionette	INFO	Listening on port 5369
1645341623672	RemoteAgent	WARN	TLS certificate errors will be ignored for this session
1645341625247	Marionette	INFO	Stopped listening on port 5369
JavaScript error: resource:///modules/Interactions.jsm, line 209: NS_ERROR_FAILURE: Component returned failure code: 0x80004005 (NS_ERROR_FAILURE) [nsIUserIdleService.removeIdleObserver]
!!! error running onStopped callback: TypeError: callback is not a function

###!!! [Parent][RunMessage] Error: Channel closing: too late to send/recv, messages will be lost

1645341625717	RemoteAgent	ERROR	unable to stop listener: [Exception... "Component returned failure code: 0x8000ffff (NS_ERROR_UNEXPECTED) [nsIWindowMediator.getEnumerator]"  nsresult: "0x8000ffff (NS_ERROR_UNEXPECTED)"  location: "JS frame :: chrome://remote/content/cdp/observers/TargetObserver.jsm :: stop :: line 64"  data: no] Stack trace: stop()@TargetObserver.jsm:64
unwatchForTabs()@TargetList.jsm:70
unwatchForTargets()@TargetList.jsm:37
destructor()@TargetList.jsm:109
stop()@CDP.jsm:104
close()@RemoteAgent.jsm:138
1645341660012	geckodriver	INFO	Listening on 127.0.0.1:5428
1645341663087	mozrunner::runner	INFO	Running command: "C:\\Program Files\\Mozilla Firefox\\firefox.exe" "--marionette" "--remote-debugging-port" "5429" "-no-remote" "-profile" "C:\\Users\\javjm\\AppData\\Local\\Temp\\rust_mozprofile4FASxw"
1645341663530	Marionette	INFO	Marionette enabled
console.warn: SearchSettings: "get: No settings file exists, new profile?" (new NotFoundError("Could not open the file at C:\\Users\\javjm\\AppData\\Local\\Temp\\rust_mozprofile4FASxw\\search.json.mozlz4", (void 0)))
DevTools listening on ws://localhost:5429/devtools/browser/379bdf13-fc2d-43c4-9282-7c6363f4b28c
1645341665859	Marionette	INFO	Listening on port 5436
1645341666286	RemoteAgent	WARN	TLS certificate errors will be ignored for this session
1645341792880	Marionette	INFO	Stopped listening on port 5436
JavaScript error: resource:///modules/Interactions.jsm, line 209: NS_ERROR_FAILURE: Component returned failure code: 0x80004005 (NS_ERROR_FAILURE) [nsIUserIdleService.removeIdleObserver]
!!! error running onStopped callback: TypeError: callback is not a function
1645341793130	RemoteAgent	ERROR	unable to stop listener: [Exception... "Component returned failure code: 0x8000ffff (NS_ERROR_UNEXPECTED) [nsIWindowMediator.getEnumerator]"  nsresult: "0x8000ffff (NS_ERROR_UNEXPECTED)"  location: "JS frame :: chrome://remote/content/cdp/observers/TargetObserver.jsm :: stop :: line 64"  data: no] Stack trace: stop()@TargetObserver.jsm:64
unwatchForTabs()@TargetList.jsm:70
unwatchForTargets()@TargetList.jsm:37
destructor()@TargetList.jsm:109
stop()@CDP.jsm:104
close()@RemoteAgent.jsm:138
1645341802865	geckodriver	INFO	Listening on 127.0.0.1:5544
1645341805946	mozrunner::runner	INFO	Running command: "C:\\Program Files\\Mozilla Firefox\\firefox.exe" "--marionette" "--remote-debugging-port" "5545" "-no-remote" "-profile" "C:\\Users\\javjm\\AppData\\Local\\Temp\\rust_mozprofileZlHJbl"
1645341806393	Marionette	INFO	Marionette enabled
console.warn: SearchSettings: "get: No settings file exists, new profile?" (new NotFoundError("Could not open the file at C:\\Users\\javjm\\AppData\\Local\\Temp\\rust_mozprofileZlHJbl\\search.json.mozlz4", (void 0)))
DevTools listening on ws://localhost:5545/devtools/browser/6ccd2c6a-2235-4031-957f-6602deeef890
1645341808822	Marionette	INFO	Listening on port 5551
1645341809174	RemoteAgent	WARN	TLS certificate errors will be ignored for this session
1645341832905	Marionette	INFO	Stopped listening on port 5551
JavaScript error: resource:///modules/Interactions.jsm, line 209: NS_ERROR_FAILURE: Component returned failure code: 0x80004005 (NS_ERROR_FAILURE) [nsIUserIdleService.removeIdleObserver]
!!! error running onStopped callback: TypeError: callback is not a function
JavaScript error: chrome://remote/content/marionette/cert.js, line 55: NS_ERROR_NOT_AVAILABLE: Component returned failure code: 0x80040111 (NS_ERROR_NOT_AVAILABLE) [nsICertOverrideService.setDisableAllSecurityChecksAndLetAttackersInterceptMyData]

###!!! [Parent][RunMessage] Error: Channel closing: too late to send/recv, messages will be lost

1645341833335	RemoteAgent	ERROR	unable to stop listener: [Exception... "Component returned failure code: 0x8000ffff (NS_ERROR_UNEXPECTED) [nsIWindowMediator.getEnumerator]"  nsresult: "0x8000ffff (NS_ERROR_UNEXPECTED)"  location: "JS frame :: chrome://remote/content/cdp/observers/TargetObserver.jsm :: stop :: line 64"  data: no] Stack trace: stop()@TargetObserver.jsm:64
unwatchForTabs()@TargetList.jsm:70
unwatchForTargets()@TargetList.jsm:37
destructor()@TargetList.jsm:109
stop()@CDP.jsm:104
close()@RemoteAgent.jsm:138
1645341880588	geckodriver	INFO	Listening on 127.0.0.1:5694
1645341883681	mozrunner::runner	INFO	Running command: "C:\\Program Files\\Mozilla Firefox\\firefox.exe" "--marionette" "--remote-debugging-port" "5695" "-no-remote" "-profile" "C:\\Users\\javjm\\AppData\\Local\\Temp\\rust_mozprofileQvn6T9"
1645341884268	Marionette	INFO	Marionette enabled
console.warn: SearchSettings: "get: No settings file exists, new profile?" (new NotFoundError("Could not open the file at C:\\Users\\javjm\\AppData\\Local\\Temp\\rust_mozprofileQvn6T9\\search.json.mozlz4", (void 0)))
DevTools listening on ws://localhost:5695/devtools/browser/e19d70ef-961b-4d7c-af6e-24627f8174c3
1645341886955	Marionette	INFO	Listening on port 5701
1645341887404	RemoteAgent	WARN	TLS certificate errors will be ignored for this session
1645341891110	Marionette	INFO	Stopped listening on port 5701
JavaScript error: resource:///modules/Interactions.jsm, line 209: NS_ERROR_FAILURE: Component returned failure code: 0x80004005 (NS_ERROR_FAILURE) [nsIUserIdleService.removeIdleObserver]
!!! error running onStopped callback: TypeError: callback is not a function
1645341891539	RemoteAgent	ERROR	unable to stop listener: [Exception... "Component returned failure code: 0x8000ffff (NS_ERROR_UNEXPECTED) [nsIWindowMediator.getEnumerator]"  nsresult: "0x8000ffff (NS_ERROR_UNEXPECTED)"  location: "JS frame :: chrome://remote/content/cdp/observers/TargetObserver.jsm :: stop :: line 64"  data: no] Stack trace: stop()@TargetObserver.jsm:64
unwatchForTabs()@TargetList.jsm:70
unwatchForTargets()@TargetList.jsm:37
destructor()@TargetList.jsm:109
stop()@CDP.jsm:104
close()@RemoteAgent.jsm:138
1645341906564	geckodriver	INFO	Listening on 127.0.0.1:5753
1645341909657	mozrunner::runner	INFO	Running command: "C:\\Program Files\\Mozilla Firefox\\firefox.exe" "--marionette" "--remote-debugging-port" "5754" "-no-remote" "-profile" "C:\\Users\\javjm\\AppData\\Local\\Temp\\rust_mozprofilevJPiS6"
1645341910169	Marionette	INFO	Marionette enabled
console.warn: SearchSettings: "get: No settings file exists, new profile?" (new NotFoundError("Could not open the file at C:\\Users\\javjm\\AppData\\Local\\Temp\\rust_mozprofilevJPiS6\\search.json.mozlz4", (void 0)))
DevTools listening on ws://localhost:5754/devtools/browser/d91a4f11-a727-4e5a-ad18-6c443daaf642
1645341912719	Marionette	INFO	Listening on port 5761
1645341912844	RemoteAgent	WARN	TLS certificate errors will be ignored for this session
1645341930898	Marionette	INFO	Stopped listening on port 5761
JavaScript error: resource:///modules/Interactions.jsm, line 209: NS_ERROR_FAILURE: Component returned failure code: 0x80004005 (NS_ERROR_FAILURE) [nsIUserIdleService.removeIdleObserver]
!!! error running onStopped callback: TypeError: callback is not a function

###!!! [Parent][RunMessage] Error: Channel closing: too late to send/recv, messages will be lost

1645341931386	RemoteAgent	ERROR	unable to stop listener: [Exception... "Component returned failure code: 0x8000ffff (NS_ERROR_UNEXPECTED) [nsIWindowMediator.getEnumerator]"  nsresult: "0x8000ffff (NS_ERROR_UNEXPECTED)"  location: "JS frame :: chrome://remote/content/cdp/observers/TargetObserver.jsm :: stop :: line 64"  data: no] Stack trace: stop()@TargetObserver.jsm:64
unwatchForTabs()@TargetList.jsm:70
unwatchForTargets()@TargetList.jsm:37
destructor()@TargetList.jsm:109
stop()@CDP.jsm:104
close()@RemoteAgent.jsm:138
1645341937179	geckodriver	INFO	Listening on 127.0.0.1:5814
1645341940263	mozrunner::runner	INFO	Running command: "C:\\Program Files\\Mozilla Firefox\\firefox.exe" "--marionette" "--remote-debugging-port" "5815" "-no-remote" "-profile" "C:\\Users\\javjm\\AppData\\Local\\Temp\\rust_mozprofilevdAJWz"
1645341940751	Marionette	INFO	Marionette enabled
console.warn: SearchSettings: "get: No settings file exists, new profile?" (new NotFoundError("Could not open the file at C:\\Users\\javjm\\AppData\\Local\\Temp\\rust_mozprofilevdAJWz\\search.json.mozlz4", (void 0)))
DevTools listening on ws://localhost:5815/devtools/browser/9523baec-8726-44b7-8cc3-dbd6da4880e5
1645341943273	Marionette	INFO	Listening on port 5821
1645341943469	RemoteAgent	WARN	TLS certificate errors will be ignored for this session
1645341946942	Marionette	INFO	Stopped listening on port 5821
JavaScript error: resource:///modules/Interactions.jsm, line 209: NS_ERROR_FAILURE: Component returned failure code: 0x80004005 (NS_ERROR_FAILURE) [nsIUserIdleService.removeIdleObserver]
!!! error running onStopped callback: TypeError: callback is not a function

###!!! [Parent][RunMessage] Error: Channel closing: too late to send/recv, messages will be lost

1645341947483	RemoteAgent	ERROR	unable to stop listener: [Exception... "Component returned failure code: 0x8000ffff (NS_ERROR_UNEXPECTED) [nsIWindowMediator.getEnumerator]"  nsresult: "0x8000ffff (NS_ERROR_UNEXPECTED)"  location: "JS frame :: chrome://remote/content/cdp/observers/TargetObserver.jsm :: stop :: line 64"  data: no] Stack trace: stop()@TargetObserver.jsm:64
unwatchForTabs()@TargetList.jsm:70
unwatchForTargets()@TargetList.jsm:37
destructor()@TargetList.jsm:109
stop()@CDP.jsm:104
close()@RemoteAgent.jsm:138
1645342185266	geckodriver	INFO	Listening on 127.0.0.1:5989
1645342188353	mozrunner::runner	INFO	Running command: "C:\\Program Files\\Mozilla Firefox\\firefox.exe" "--marionette" "--remote-debugging-port" "5990" "-no-remote" "-profile" "C:\\Users\\javjm\\AppData\\Local\\Temp\\rust_mozprofileDpMVpW"
1645342188827	Marionette	INFO	Marionette enabled
console.warn: SearchSettings: "get: No settings file exists, new profile?" (new NotFoundError("Could not open the file at C:\\Users\\javjm\\AppData\\Local\\Temp\\rust_mozprofileDpMVpW\\search.json.mozlz4", (void 0)))
DevTools listening on ws://localhost:5990/devtools/browser/746bbccf-3ab6-4452-8fce-8af891cc128f
1645342191406	Marionette	INFO	Listening on port 5996
1645342191546	RemoteAgent	WARN	TLS certificate errors will be ignored for this session
1645342195079	Marionette	INFO	Stopped listening on port 5996
JavaScript error: resource:///modules/Interactions.jsm, line 209: NS_ERROR_FAILURE: Component returned failure code: 0x80004005 (NS_ERROR_FAILURE) [nsIUserIdleService.removeIdleObserver]
!!! error running onStopped callback: TypeError: callback is not a function

###!!! [Parent][RunMessage] Error: Channel closing: too late to send/recv, messages will be lost

1645342195512	RemoteAgent	ERROR	unable to stop listener: [Exception... "Component returned failure code: 0x8000ffff (NS_ERROR_UNEXPECTED) [nsIWindowMediator.getEnumerator]"  nsresult: "0x8000ffff (NS_ERROR_UNEXPECTED)"  location: "JS frame :: chrome://remote/content/cdp/observers/TargetObserver.jsm :: stop :: line 64"  data: no] Stack trace: stop()@TargetObserver.jsm:64
unwatchForTabs()@TargetList.jsm:70
unwatchForTargets()@TargetList.jsm:37
destructor()@TargetList.jsm:109
stop()@CDP.jsm:104
close()@RemoteAgent.jsm:138
1645342567443	geckodriver	INFO	Listening on 127.0.0.1:6225
1645342570516	mozrunner::runner	INFO	Running command: "C:\\Program Files\\Mozilla Firefox\\firefox.exe" "--marionette" "--remote-debugging-port" "6226" "-no-remote" "-profile" "C:\\Users\\javjm\\AppData\\Local\\Temp\\rust_mozprofile61Ai2m"
1645342571001	Marionette	INFO	Marionette enabled
console.warn: SearchSettings: "get: No settings file exists, new profile?" (new NotFoundError("Could not open the file at C:\\Users\\javjm\\AppData\\Local\\Temp\\rust_mozprofile61Ai2m\\search.json.mozlz4", (void 0)))
DevTools listening on ws://localhost:6226/devtools/browser/3137dce3-ac48-468b-9575-341894b1c098
1645342573629	Marionette	INFO	Listening on port 6232
1645342573721	RemoteAgent	WARN	TLS certificate errors will be ignored for this session
1645342577610	Marionette	INFO	Stopped listening on port 6232
JavaScript error: resource:///modules/Interactions.jsm, line 209: NS_ERROR_FAILURE: Component returned failure code: 0x80004005 (NS_ERROR_FAILURE) [nsIUserIdleService.removeIdleObserver]
!!! error running onStopped callback: TypeError: callback is not a function

###!!! [Parent][RunMessage] Error: Channel closing: too late to send/recv, messages will be lost

1645342578049	RemoteAgent	ERROR	unable to stop listener: [Exception... "Component returned failure code: 0x8000ffff (NS_ERROR_UNEXPECTED) [nsIWindowMediator.getEnumerator]"  nsresult: "0x8000ffff (NS_ERROR_UNEXPECTED)"  location: "JS frame :: chrome://remote/content/cdp/observers/TargetObserver.jsm :: stop :: line 64"  data: no] Stack trace: stop()@TargetObserver.jsm:64
unwatchForTabs()@TargetList.jsm:70
unwatchForTargets()@TargetList.jsm:37
destructor()@TargetList.jsm:109
stop()@CDP.jsm:104
close()@RemoteAgent.jsm:138
1645344615604	geckodriver	INFO	Listening on 127.0.0.1:1640
1645344618693	mozrunner::runner	INFO	Running command: "C:\\Program Files\\Mozilla Firefox\\firefox.exe" "--marionette" "--remote-debugging-port" "1641" "-no-remote" "-profile" "C:\\Users\\javjm\\AppData\\Local\\Temp\\rust_mozprofileTQrsgV"
1645344619153	Marionette	INFO	Marionette enabled
console.warn: SearchSettings: "get: No settings file exists, new profile?" (new NotFoundError("Could not open the file at C:\\Users\\javjm\\AppData\\Local\\Temp\\rust_mozprofileTQrsgV\\search.json.mozlz4", (void 0)))
DevTools listening on ws://localhost:1641/devtools/browser/dbff23ca-4a97-458a-a1a7-acf3f44f21c0
1645344621604	Marionette	INFO	Listening on port 1947
1645344621898	RemoteAgent	WARN	TLS certificate errors will be ignored for this session
1645344623758	Marionette	INFO	Stopped listening on port 1947
JavaScript error: resource:///modules/Interactions.jsm, line 209: NS_ERROR_FAILURE: Component returned failure code: 0x80004005 (NS_ERROR_FAILURE) [nsIUserIdleService.removeIdleObserver]
JavaScript error: resource://gre/modules/UrlClassifierListManager.jsm, line 691: TypeError: this.tablesData[table] is undefined
!!! error running onStopped callback: TypeError: callback is not a function
1645344624215	RemoteAgent	ERROR	unable to stop listener: [Exception... "Component returned failure code: 0x8000ffff (NS_ERROR_UNEXPECTED) [nsIWindowMediator.getEnumerator]"  nsresult: "0x8000ffff (NS_ERROR_UNEXPECTED)"  location: "JS frame :: chrome://remote/content/cdp/observers/TargetObserver.jsm :: stop :: line 64"  data: no] Stack trace: stop()@TargetObserver.jsm:64
unwatchForTabs()@TargetList.jsm:70
unwatchForTargets()@TargetList.jsm:37
destructor()@TargetList.jsm:109
stop()@CDP.jsm:104
close()@RemoteAgent.jsm:138
1645344640226	geckodriver	INFO	Listening on 127.0.0.1:2000
1645344643314	mozrunner::runner	INFO	Running command: "C:\\Program Files\\Mozilla Firefox\\firefox.exe" "--marionette" "--remote-debugging-port" "2001" "-no-remote" "-profile" "C:\\Users\\javjm\\AppData\\Local\\Temp\\rust_mozprofile5sr7pm"
1645344643758	Marionette	INFO	Marionette enabled
console.warn: SearchSettings: "get: No settings file exists, new profile?" (new NotFoundError("Could not open the file at C:\\Users\\javjm\\AppData\\Local\\Temp\\rust_mozprofile5sr7pm\\search.json.mozlz4", (void 0)))
DevTools listening on ws://localhost:2001/devtools/browser/0d363ca8-f243-4dfc-bb5c-edaff202839c
1645344646229	Marionette	INFO	Listening on port 2008
1645344646515	RemoteAgent	WARN	TLS certificate errors will be ignored for this session
1645344648235	Marionette	INFO	Stopped listening on port 2008
JavaScript error: resource:///modules/Interactions.jsm, line 209: NS_ERROR_FAILURE: Component returned failure code: 0x80004005 (NS_ERROR_FAILURE) [nsIUserIdleService.removeIdleObserver]
!!! error running onStopped callback: TypeError: callback is not a function
1645344648699	RemoteAgent	ERROR	unable to stop listener: [Exception... "Component returned failure code: 0x8000ffff (NS_ERROR_UNEXPECTED) [nsIWindowMediator.getEnumerator]"  nsresult: "0x8000ffff (NS_ERROR_UNEXPECTED)"  location: "JS frame :: chrome://remote/content/cdp/observers/TargetObserver.jsm :: stop :: line 64"  data: no] Stack trace: stop()@TargetObserver.jsm:64
unwatchForTabs()@TargetList.jsm:70
unwatchForTargets()@TargetList.jsm:37
destructor()@TargetList.jsm:109
stop()@CDP.jsm:104
close()@RemoteAgent.jsm:138
1645344701018	geckodriver	INFO	Listening on 127.0.0.1:2071
1645344704100	mozrunner::runner	INFO	Running command: "C:\\Program Files\\Mozilla Firefox\\firefox.exe" "--marionette" "--remote-debugging-port" "2072" "-no-remote" "-profile" "C:\\Users\\javjm\\AppData\\Local\\Temp\\rust_mozprofileNaBvsC"
1645344704539	Marionette	INFO	Marionette enabled
console.warn: SearchSettings: "get: No settings file exists, new profile?" (new NotFoundError("Could not open the file at C:\\Users\\javjm\\AppData\\Local\\Temp\\rust_mozprofileNaBvsC\\search.json.mozlz4", (void 0)))
DevTools listening on ws://localhost:2072/devtools/browser/c2f7e200-23ab-453b-b5b4-8072da88df17
1645344706831	Marionette	INFO	Listening on port 2078
1645344707307	RemoteAgent	WARN	TLS certificate errors will be ignored for this session
1645344709142	Marionette	INFO	Stopped listening on port 2078
JavaScript error: resource:///modules/Interactions.jsm, line 209: NS_ERROR_FAILURE: Component returned failure code: 0x80004005 (NS_ERROR_FAILURE) [nsIUserIdleService.removeIdleObserver]
!!! error running onStopped callback: TypeError: callback is not a function
[Parent 23708, IPC I/O Parent] WARNING: file /builds/worker/checkouts/gecko/ipc/chromium/src/base/process_util_win.cc:167
1645344709584	RemoteAgent	ERROR	unable to stop listener: [Exception... "Component returned failure code: 0x8000ffff (NS_ERROR_UNEXPECTED) [nsIWindowMediator.getEnumerator]"  nsresult: "0x8000ffff (NS_ERROR_UNEXPECTED)"  location: "JS frame :: chrome://remote/content/cdp/observers/TargetObserver.jsm :: stop :: line 64"  data: no] Stack trace: stop()@TargetObserver.jsm:64
unwatchForTabs()@TargetList.jsm:70
unwatchForTargets()@TargetList.jsm:37
destructor()@TargetList.jsm:109
stop()@CDP.jsm:104
close()@RemoteAgent.jsm:138
1645345907968	geckodriver	INFO	Listening on 127.0.0.1:2862
1645345911035	mozrunner::runner	INFO	Running command: "C:\\Program Files\\Mozilla Firefox\\firefox.exe" "--marionette" "--remote-debugging-port" "2863" "-no-remote" "-profile" "C:\\Users\\javjm\\AppData\\Local\\Temp\\rust_mozprofilefsAQzP"
1645345911493	Marionette	INFO	Marionette enabled
console.warn: SearchSettings: "get: No settings file exists, new profile?" (new NotFoundError("Could not open the file at C:\\Users\\javjm\\AppData\\Local\\Temp\\rust_mozprofilefsAQzP\\search.json.mozlz4", (void 0)))
DevTools listening on ws://localhost:2863/devtools/browser/ef86cbeb-54fc-4631-b77f-b843e70c163b
1645345913858	Marionette	INFO	Listening on port 2870
1645345914235	RemoteAgent	WARN	TLS certificate errors will be ignored for this session
1645345916084	Marionette	INFO	Stopped listening on port 2870
JavaScript error: resource:///modules/Interactions.jsm, line 209: NS_ERROR_FAILURE: Component returned failure code: 0x80004005 (NS_ERROR_FAILURE) [nsIUserIdleService.removeIdleObserver]
!!! error running onStopped callback: TypeError: callback is not a function
[Parent 22500, IPC I/O Parent] WARNING: pipe error: 232: file /builds/worker/checkouts/gecko/ipc/chromium/src/chrome/common/ipc_channel_win.cc:544
1645345916538	RemoteAgent	ERROR	unable to stop listener: [Exception... "Component returned failure code: 0x8000ffff (NS_ERROR_UNEXPECTED) [nsIWindowMediator.getEnumerator]"  nsresult: "0x8000ffff (NS_ERROR_UNEXPECTED)"  location: "JS frame :: chrome://remote/content/cdp/observers/TargetObserver.jsm :: stop :: line 64"  data: no] Stack trace: stop()@TargetObserver.jsm:64
unwatchForTabs()@TargetList.jsm:70
unwatchForTargets()@TargetList.jsm:37
destructor()@TargetList.jsm:109
stop()@CDP.jsm:104
close()@RemoteAgent.jsm:138
1645345934085	geckodriver	INFO	Listening on 127.0.0.1:2923
1645345937174	mozrunner::runner	INFO	Running command: "C:\\Program Files\\Mozilla Firefox\\firefox.exe" "--marionette" "--remote-debugging-port" "2924" "-no-remote" "-profile" "C:\\Users\\javjm\\AppData\\Local\\Temp\\rust_mozprofileSDSX1J"
1645345937656	Marionette	INFO	Marionette enabled
console.warn: SearchSettings: "get: No settings file exists, new profile?" (new NotFoundError("Could not open the file at C:\\Users\\javjm\\AppData\\Local\\Temp\\rust_mozprofileSDSX1J\\search.json.mozlz4", (void 0)))
DevTools listening on ws://localhost:2924/devtools/browser/e1b60258-62f3-4b03-899c-3045081332c2
1645345939996	Marionette	INFO	Listening on port 2931
1645345940364	RemoteAgent	WARN	TLS certificate errors will be ignored for this session
1645345942120	Marionette	INFO	Stopped listening on port 2931
JavaScript error: resource:///modules/Interactions.jsm, line 209: NS_ERROR_FAILURE: Component returned failure code: 0x80004005 (NS_ERROR_FAILURE) [nsIUserIdleService.removeIdleObserver]
!!! error running onStopped callback: TypeError: callback is not a function
1645345942506	RemoteAgent	ERROR	unable to stop listener: [Exception... "Component returned failure code: 0x8000ffff (NS_ERROR_UNEXPECTED) [nsIWindowMediator.getEnumerator]"  nsresult: "0x8000ffff (NS_ERROR_UNEXPECTED)"  location: "JS frame :: chrome://remote/content/cdp/observers/TargetObserver.jsm :: stop :: line 64"  data: no] Stack trace: stop()@TargetObserver.jsm:64
unwatchForTabs()@TargetList.jsm:70
unwatchForTargets()@TargetList.jsm:37
destructor()@TargetList.jsm:109
stop()@CDP.jsm:104
close()@RemoteAgent.jsm:138
1645345967596	geckodriver	INFO	Listening on 127.0.0.1:2986
1645345970668	mozrunner::runner	INFO	Running command: "C:\\Program Files\\Mozilla Firefox\\firefox.exe" "--marionette" "--remote-debugging-port" "2987" "-no-remote" "-profile" "C:\\Users\\javjm\\AppData\\Local\\Temp\\rust_mozprofileVPXPNO"
1645345971103	Marionette	INFO	Marionette enabled
console.warn: SearchSettings: "get: No settings file exists, new profile?" (new NotFoundError("Could not open the file at C:\\Users\\javjm\\AppData\\Local\\Temp\\rust_mozprofileVPXPNO\\search.json.mozlz4", (void 0)))
DevTools listening on ws://localhost:2987/devtools/browser/e2bea44b-b373-47ed-a56c-1572d15a0dcf
1645345973428	Marionette	INFO	Listening on port 2994
1645345973853	RemoteAgent	WARN	TLS certificate errors will be ignored for this session
1645345975506	Marionette	INFO	Stopped listening on port 2994
JavaScript error: resource:///modules/Interactions.jsm, line 209: NS_ERROR_FAILURE: Component returned failure code: 0x80004005 (NS_ERROR_FAILURE) [nsIUserIdleService.removeIdleObserver]
!!! error running onStopped callback: TypeError: callback is not a function

###!!! [Parent][RunMessage] Error: Channel closing: too late to send/recv, messages will be lost

1645345975916	RemoteAgent	ERROR	unable to stop listener: [Exception... "Component returned failure code: 0x8000ffff (NS_ERROR_UNEXPECTED) [nsIWindowMediator.getEnumerator]"  nsresult: "0x8000ffff (NS_ERROR_UNEXPECTED)"  location: "JS frame :: chrome://remote/content/cdp/observers/TargetObserver.jsm :: stop :: line 64"  data: no] Stack trace: stop()@TargetObserver.jsm:64
unwatchForTabs()@TargetList.jsm:70
unwatchForTargets()@TargetList.jsm:37
destructor()@TargetList.jsm:109
stop()@CDP.jsm:104
close()@RemoteAgent.jsm:138
1645346060146	geckodriver	INFO	Listening on 127.0.0.1:3087
1645346063220	mozrunner::runner	INFO	Running command: "C:\\Program Files\\Mozilla Firefox\\firefox.exe" "--marionette" "--remote-debugging-port" "3088" "-no-remote" "-profile" "C:\\Users\\javjm\\AppData\\Local\\Temp\\rust_mozprofileJxLe86"
1645346063672	Marionette	INFO	Marionette enabled
console.warn: SearchSettings: "get: No settings file exists, new profile?" (new NotFoundError("Could not open the file at C:\\Users\\javjm\\AppData\\Local\\Temp\\rust_mozprofileJxLe86\\search.json.mozlz4", (void 0)))
DevTools listening on ws://localhost:3088/devtools/browser/88453745-1f52-4136-9d23-51faf455f961
1645346066069	Marionette	INFO	Listening on port 3094
1645346066410	RemoteAgent	WARN	TLS certificate errors will be ignored for this session
1645346069773	Marionette	INFO	Stopped listening on port 3094
JavaScript error: resource:///modules/Interactions.jsm, line 209: NS_ERROR_FAILURE: Component returned failure code: 0x80004005 (NS_ERROR_FAILURE) [nsIUserIdleService.removeIdleObserver]
!!! error running onStopped callback: TypeError: callback is not a function

###!!! [Parent][RunMessage] Error: Channel closing: too late to send/recv, messages will be lost

1645346070165	RemoteAgent	ERROR	unable to stop listener: [Exception... "Component returned failure code: 0x8000ffff (NS_ERROR_UNEXPECTED) [nsIWindowMediator.getEnumerator]"  nsresult: "0x8000ffff (NS_ERROR_UNEXPECTED)"  location: "JS frame :: chrome://remote/content/cdp/observers/TargetObserver.jsm :: stop :: line 64"  data: no] Stack trace: stop()@TargetObserver.jsm:64
unwatchForTabs()@TargetList.jsm:70
unwatchForTargets()@TargetList.jsm:37
destructor()@TargetList.jsm:109
stop()@CDP.jsm:104
close()@RemoteAgent.jsm:138
1645346093523	geckodriver	INFO	Listening on 127.0.0.1:3152
1645346096582	mozrunner::runner	INFO	Running command: "C:\\Program Files\\Mozilla Firefox\\firefox.exe" "--marionette" "--remote-debugging-port" "3153" "-no-remote" "-profile" "C:\\Users\\javjm\\AppData\\Local\\Temp\\rust_mozprofilekbkRT1"
1645346097018	Marionette	INFO	Marionette enabled
console.warn: SearchSettings: "get: No settings file exists, new profile?" (new NotFoundError("Could not open the file at C:\\Users\\javjm\\AppData\\Local\\Temp\\rust_mozprofilekbkRT1\\search.json.mozlz4", (void 0)))
DevTools listening on ws://localhost:3153/devtools/browser/bd0a2954-e999-4227-839a-baea9bfd9f90
1645346099321	Marionette	INFO	Listening on port 3159
1645346099767	RemoteAgent	WARN	TLS certificate errors will be ignored for this session
1645346325789	Marionette	INFO	Stopped listening on port 3159
JavaScript error: resource:///modules/Interactions.jsm, line 209: NS_ERROR_FAILURE: Component returned failure code: 0x80004005 (NS_ERROR_FAILURE) [nsIUserIdleService.removeIdleObserver]
!!! error running onStopped callback: TypeError: callback is not a function

###!!! [Parent][RunMessage] Error: Channel closing: too late to send/recv, messages will be lost

1645346326019	RemoteAgent	ERROR	unable to stop listener: [Exception... "Component returned failure code: 0x8000ffff (NS_ERROR_UNEXPECTED) [nsIWindowMediator.getEnumerator]"  nsresult: "0x8000ffff (NS_ERROR_UNEXPECTED)"  location: "JS frame :: chrome://remote/content/cdp/observers/TargetObserver.jsm :: stop :: line 64"  data: no] Stack trace: stop()@TargetObserver.jsm:64
unwatchForTabs()@TargetList.jsm:70
unwatchForTargets()@TargetList.jsm:37
destructor()@TargetList.jsm:109
stop()@CDP.jsm:104
close()@RemoteAgent.jsm:138
1645346327177	geckodriver	INFO	Listening on 127.0.0.1:3309
1645346330271	mozrunner::runner	INFO	Running command: "C:\\Program Files\\Mozilla Firefox\\firefox.exe" "--marionette" "--remote-debugging-port" "3310" "-no-remote" "-profile" "C:\\Users\\javjm\\AppData\\Local\\Temp\\rust_mozprofilee68a91"
1645346330709	Marionette	INFO	Marionette enabled
console.warn: SearchSettings: "get: No settings file exists, new profile?" (new NotFoundError("Could not open the file at C:\\Users\\javjm\\AppData\\Local\\Temp\\rust_mozprofilee68a91\\search.json.mozlz4", (void 0)))
DevTools listening on ws://localhost:3310/devtools/browser/f8f30d31-eab0-444b-86e3-7125648f5241
1645346333061	Marionette	INFO	Listening on port 3317
1645346333474	RemoteAgent	WARN	TLS certificate errors will be ignored for this session
1645346336833	Marionette	INFO	Stopped listening on port 3317
JavaScript error: resource:///modules/Interactions.jsm, line 209: NS_ERROR_FAILURE: Component returned failure code: 0x80004005 (NS_ERROR_FAILURE) [nsIUserIdleService.removeIdleObserver]
!!! error running onStopped callback: TypeError: callback is not a function
1645346337285	RemoteAgent	ERROR	unable to stop listener: [Exception... "Component returned failure code: 0x8000ffff (NS_ERROR_UNEXPECTED) [nsIWindowMediator.getEnumerator]"  nsresult: "0x8000ffff (NS_ERROR_UNEXPECTED)"  location: "JS frame :: chrome://remote/content/cdp/observers/TargetObserver.jsm :: stop :: line 64"  data: no] Stack trace: stop()@TargetObserver.jsm:64
unwatchForTabs()@TargetList.jsm:70
unwatchForTargets()@TargetList.jsm:37
destructor()@TargetList.jsm:109
stop()@CDP.jsm:104
close()@RemoteAgent.jsm:138
1645347192474	geckodriver	INFO	Listening on 127.0.0.1:1129
1645347195570	mozrunner::runner	INFO	Running command: "C:\\Program Files\\Mozilla Firefox\\firefox.exe" "--marionette" "--remote-debugging-port" "1130" "-no-remote" "-profile" "C:\\Users\\javjm\\AppData\\Local\\Temp\\rust_mozprofilew2gOPV"
1645347196050	Marionette	INFO	Marionette enabled
console.warn: SearchSettings: "get: No settings file exists, new profile?" (new NotFoundError("Could not open the file at C:\\Users\\javjm\\AppData\\Local\\Temp\\rust_mozprofilew2gOPV\\search.json.mozlz4", (void 0)))
DevTools listening on ws://localhost:1130/devtools/browser/e0eb46f6-bef3-489a-a891-1558fe0801c4
1645347198501	Marionette	INFO	Listening on port 1137
1645347198761	RemoteAgent	WARN	TLS certificate errors will be ignored for this session
1645347269294	Marionette	INFO	Stopped listening on port 1137
JavaScript error: resource:///modules/Interactions.jsm, line 209: NS_ERROR_FAILURE: Component returned failure code: 0x80004005 (NS_ERROR_FAILURE) [nsIUserIdleService.removeIdleObserver]
!!! error running onStopped callback: TypeError: callback is not a function

###!!! [Parent][RunMessage] Error: Channel closing: too late to send/recv, messages will be lost

1645347269727	RemoteAgent	ERROR	unable to stop listener: [Exception... "Component returned failure code: 0x8000ffff (NS_ERROR_UNEXPECTED) [nsIWindowMediator.getEnumerator]"  nsresult: "0x8000ffff (NS_ERROR_UNEXPECTED)"  location: "JS frame :: chrome://remote/content/cdp/observers/TargetObserver.jsm :: stop :: line 64"  data: no] Stack trace: stop()@TargetObserver.jsm:64
unwatchForTabs()@TargetList.jsm:70
unwatchForTargets()@TargetList.jsm:37
destructor()@TargetList.jsm:109
stop()@CDP.jsm:104
close()@RemoteAgent.jsm:138
1645347293157	geckodriver	INFO	Listening on 127.0.0.1:1230
1645347296242	mozrunner::runner	INFO	Running command: "C:\\Program Files\\Mozilla Firefox\\firefox.exe" "--marionette" "--remote-debugging-port" "1231" "-no-remote" "-profile" "C:\\Users\\javjm\\AppData\\Local\\Temp\\rust_mozprofilebvYNX2"
1645347296724	Marionette	INFO	Marionette enabled
console.warn: SearchSettings: "get: No settings file exists, new profile?" (new NotFoundError("Could not open the file at C:\\Users\\javjm\\AppData\\Local\\Temp\\rust_mozprofilebvYNX2\\search.json.mozlz4", (void 0)))
DevTools listening on ws://localhost:1231/devtools/browser/91546cb0-cebd-48b1-a4d7-49594893a3c6
1645347299198	Marionette	INFO	Listening on port 1238
1645347299694	RemoteAgent	WARN	TLS certificate errors will be ignored for this session
1645347540343	Marionette	INFO	Stopped listening on port 1238
JavaScript error: resource:///modules/Interactions.jsm, line 209: NS_ERROR_FAILURE: Component returned failure code: 0x80004005 (NS_ERROR_FAILURE) [nsIUserIdleService.removeIdleObserver]
!!! error running onStopped callback: TypeError: callback is not a function

###!!! [Parent][RunMessage] Error: Channel closing: too late to send/recv, messages will be lost

1645347540601	RemoteAgent	ERROR	unable to stop listener: [Exception... "Component returned failure code: 0x8000ffff (NS_ERROR_UNEXPECTED) [nsIWindowMediator.getEnumerator]"  nsresult: "0x8000ffff (NS_ERROR_UNEXPECTED)"  location: "JS frame :: chrome://remote/content/cdp/observers/TargetObserver.jsm :: stop :: line 64"  data: no] Stack trace: stop()@TargetObserver.jsm:64
unwatchForTabs()@TargetList.jsm:70
unwatchForTargets()@TargetList.jsm:37
destructor()@TargetList.jsm:109
stop()@CDP.jsm:104
close()@RemoteAgent.jsm:138
1645347542467	geckodriver	INFO	Listening on 127.0.0.1:1405
1645347545538	mozrunner::runner	INFO	Running command: "C:\\Program Files\\Mozilla Firefox\\firefox.exe" "--marionette" "--remote-debugging-port" "1406" "-no-remote" "-profile" "C:\\Users\\javjm\\AppData\\Local\\Temp\\rust_mozprofile1zGY2T"
1645347545970	Marionette	INFO	Marionette enabled
console.warn: SearchSettings: "get: No settings file exists, new profile?" (new NotFoundError("Could not open the file at C:\\Users\\javjm\\AppData\\Local\\Temp\\rust_mozprofile1zGY2T\\search.json.mozlz4", (void 0)))
DevTools listening on ws://localhost:1406/devtools/browser/1eb74ea9-6a97-4c78-95dc-db8773ee4cad
1645347548417	Marionette	INFO	Listening on port 1412
1645347548740	RemoteAgent	WARN	TLS certificate errors will be ignored for this session
1645347722813	Marionette	INFO	Stopped listening on port 1412
JavaScript error: resource:///modules/Interactions.jsm, line 209: NS_ERROR_FAILURE: Component returned failure code: 0x80004005 (NS_ERROR_FAILURE) [nsIUserIdleService.removeIdleObserver]
!!! error running onStopped callback: TypeError: callback is not a function
1645347723044	RemoteAgent	ERROR	unable to stop listener: [Exception... "Component returned failure code: 0x8000ffff (NS_ERROR_UNEXPECTED) [nsIWindowMediator.getEnumerator]"  nsresult: "0x8000ffff (NS_ERROR_UNEXPECTED)"  location: "JS frame :: chrome://remote/content/cdp/observers/TargetObserver.jsm :: stop :: line 64"  data: no] Stack trace: stop()@TargetObserver.jsm:64
unwatchForTabs()@TargetList.jsm:70
unwatchForTargets()@TargetList.jsm:37
destructor()@TargetList.jsm:109
stop()@CDP.jsm:104
close()@RemoteAgent.jsm:138
1645347729577	geckodriver	INFO	Listening on 127.0.0.1:1568
1645347732679	mozrunner::runner	INFO	Running command: "C:\\Program Files\\Mozilla Firefox\\firefox.exe" "--marionette" "--remote-debugging-port" "1569" "-no-remote" "-profile" "C:\\Users\\javjm\\AppData\\Local\\Temp\\rust_mozprofileTdVVUB"
1645347733133	Marionette	INFO	Marionette enabled
console.warn: SearchSettings: "get: No settings file exists, new profile?" (new NotFoundError("Could not open the file at C:\\Users\\javjm\\AppData\\Local\\Temp\\rust_mozprofileTdVVUB\\search.json.mozlz4", (void 0)))
DevTools listening on ws://localhost:1569/devtools/browser/42ad8d9f-0d6c-4f68-a1b1-6f959e8436de
1645347735485	Marionette	INFO	Listening on port 1576
1645347735879	RemoteAgent	WARN	TLS certificate errors will be ignored for this session
1645347839579	Marionette	INFO	Stopped listening on port 1576
JavaScript error: resource:///modules/Interactions.jsm, line 209: NS_ERROR_FAILURE: Component returned failure code: 0x80004005 (NS_ERROR_FAILURE) [nsIUserIdleService.removeIdleObserver]
!!! error running onStopped callback: TypeError: callback is not a function

###!!! [Parent][RunMessage] Error: Channel closing: too late to send/recv, messages will be lost

1645347839958	RemoteAgent	ERROR	unable to stop listener: [Exception... "Component returned failure code: 0x8000ffff (NS_ERROR_UNEXPECTED) [nsIWindowMediator.getEnumerator]"  nsresult: "0x8000ffff (NS_ERROR_UNEXPECTED)"  location: "JS frame :: chrome://remote/content/cdp/observers/TargetObserver.jsm :: stop :: line 64"  data: no] Stack trace: stop()@TargetObserver.jsm:64
unwatchForTabs()@TargetList.jsm:70
unwatchForTargets()@TargetList.jsm:37
destructor()@TargetList.jsm:109
stop()@CDP.jsm:104
close()@RemoteAgent.jsm:138
1645347841137	geckodriver	INFO	Listening on 127.0.0.1:1983
1645347844220	mozrunner::runner	INFO	Running command: "C:\\Program Files\\Mozilla Firefox\\firefox.exe" "--marionette" "--remote-debugging-port" "1984" "-no-remote" "-profile" "C:\\Users\\javjm\\AppData\\Local\\Temp\\rust_mozprofile40g8Pb"
1645347844661	Marionette	INFO	Marionette enabled
console.warn: SearchSettings: "get: No settings file exists, new profile?" (new NotFoundError("Could not open the file at C:\\Users\\javjm\\AppData\\Local\\Temp\\rust_mozprofile40g8Pb\\search.json.mozlz4", (void 0)))
DevTools listening on ws://localhost:1984/devtools/browser/b52b5654-b4e2-403d-9abd-b30fcf1c6172
1645347847396	Marionette	INFO	Listening on port 1992
1645347847912	RemoteAgent	WARN	TLS certificate errors will be ignored for this session
1645348054286	Marionette	INFO	Stopped listening on port 1992
JavaScript error: resource:///modules/Interactions.jsm, line 209: NS_ERROR_FAILURE: Component returned failure code: 0x80004005 (NS_ERROR_FAILURE) [nsIUserIdleService.removeIdleObserver]
!!! error running onStopped callback: TypeError: callback is not a function

###!!! [Parent][RunMessage] Error: Channel closing: too late to send/recv, messages will be lost

1645348054527	RemoteAgent	ERROR	unable to stop listener: [Exception... "Component returned failure code: 0x8000ffff (NS_ERROR_UNEXPECTED) [nsIWindowMediator.getEnumerator]"  nsresult: "0x8000ffff (NS_ERROR_UNEXPECTED)"  location: "JS frame :: chrome://remote/content/cdp/observers/TargetObserver.jsm :: stop :: line 64"  data: no] Stack trace: stop()@TargetObserver.jsm:64
unwatchForTabs()@TargetList.jsm:70
unwatchForTargets()@TargetList.jsm:37
destructor()@TargetList.jsm:109
stop()@CDP.jsm:104
close()@RemoteAgent.jsm:138
1645348055662	geckodriver	INFO	Listening on 127.0.0.1:2144
1645348058743	mozrunner::runner	INFO	Running command: "C:\\Program Files\\Mozilla Firefox\\firefox.exe" "--marionette" "--remote-debugging-port" "2145" "-no-remote" "-profile" "C:\\Users\\javjm\\AppData\\Local\\Temp\\rust_mozprofile0W3sDE"
1645348059188	Marionette	INFO	Marionette enabled
console.warn: SearchSettings: "get: No settings file exists, new profile?" (new NotFoundError("Could not open the file at C:\\Users\\javjm\\AppData\\Local\\Temp\\rust_mozprofile0W3sDE\\search.json.mozlz4", (void 0)))
DevTools listening on ws://localhost:2145/devtools/browser/f28b549e-fe18-4969-a5d6-06a42b1ea5c3
1645348061789	Marionette	INFO	Listening on port 2152
1645348061954	RemoteAgent	WARN	TLS certificate errors will be ignored for this session
1645348091443	Marionette	INFO	Stopped listening on port 2152
JavaScript error: resource:///modules/Interactions.jsm, line 209: NS_ERROR_FAILURE: Component returned failure code: 0x80004005 (NS_ERROR_FAILURE) [nsIUserIdleService.removeIdleObserver]
!!! error running onStopped callback: TypeError: callback is not a function

###!!! [Parent][RunMessage] Error: Channel closing: too late to send/recv, messages will be lost

1645348091858	RemoteAgent	ERROR	unable to stop listener: [Exception... "Component returned failure code: 0x8000ffff (NS_ERROR_UNEXPECTED) [nsIWindowMediator.getEnumerator]"  nsresult: "0x8000ffff (NS_ERROR_UNEXPECTED)"  location: "JS frame :: chrome://remote/content/cdp/observers/TargetObserver.jsm :: stop :: line 64"  data: no] Stack trace: stop()@TargetObserver.jsm:64
unwatchForTabs()@TargetList.jsm:70
unwatchForTargets()@TargetList.jsm:37
destructor()@TargetList.jsm:109
stop()@CDP.jsm:104
close()@RemoteAgent.jsm:138
1645348092989	geckodriver	INFO	Listening on 127.0.0.1:2209
1645348096071	mozrunner::runner	INFO	Running command: "C:\\Program Files\\Mozilla Firefox\\firefox.exe" "--marionette" "--remote-debugging-port" "2210" "-no-remote" "-profile" "C:\\Users\\javjm\\AppData\\Local\\Temp\\rust_mozprofile2rG3mD"
1645348096507	Marionette	INFO	Marionette enabled
console.warn: SearchSettings: "get: No settings file exists, new profile?" (new NotFoundError("Could not open the file at C:\\Users\\javjm\\AppData\\Local\\Temp\\rust_mozprofile2rG3mD\\search.json.mozlz4", (void 0)))
DevTools listening on ws://localhost:2210/devtools/browser/8bd33d07-630b-4735-bc2b-47b4c458e7ee
1645348098894	Marionette	INFO	Listening on port 2216
1645348099272	RemoteAgent	WARN	TLS certificate errors will be ignored for this session
1645349874527	Marionette	INFO	Stopped listening on port 2216
JavaScript error: resource:///modules/Interactions.jsm, line 209: NS_ERROR_FAILURE: Component returned failure code: 0x80004005 (NS_ERROR_FAILURE) [nsIUserIdleService.removeIdleObserver]
!!! error running onStopped callback: TypeError: callback is not a function
1645349874784	RemoteAgent	ERROR	unable to stop listener: [Exception... "Component returned failure code: 0x8000ffff (NS_ERROR_UNEXPECTED) [nsIWindowMediator.getEnumerator]"  nsresult: "0x8000ffff (NS_ERROR_UNEXPECTED)"  location: "JS frame :: chrome://remote/content/cdp/observers/TargetObserver.jsm :: stop :: line 64"  data: no] Stack trace: stop()@TargetObserver.jsm:64
unwatchForTabs()@TargetList.jsm:70
unwatchForTargets()@TargetList.jsm:37
destructor()@TargetList.jsm:109
stop()@CDP.jsm:104
close()@RemoteAgent.jsm:138
1645369868299	geckodriver	INFO	Listening on 127.0.0.1:5085
1645369871402	mozrunner::runner	INFO	Running command: "C:\\Program Files\\Mozilla Firefox\\firefox.exe" "--marionette" "--remote-debugging-port" "5086" "-no-remote" "-profile" "C:\\Users\\javjm\\AppData\\Local\\Temp\\rust_mozprofileF1Bb0z"
1645369872418	Marionette	INFO	Marionette enabled
console.warn: SearchSettings: "get: No settings file exists, new profile?" (new NotFoundError("Could not open the file at C:\\Users\\javjm\\AppData\\Local\\Temp\\rust_mozprofileF1Bb0z\\search.json.mozlz4", (void 0)))
DevTools listening on ws://localhost:5086/devtools/browser/1334a5a5-d088-4073-b8b8-da335bc4d941
1645369875295	Marionette	INFO	Listening on port 5095
1645369875621	RemoteAgent	WARN	TLS certificate errors will be ignored for this session
1645370066662	Marionette	INFO	Stopped listening on port 5095
JavaScript error: resource:///modules/Interactions.jsm, line 209: NS_ERROR_FAILURE: Component returned failure code: 0x80004005 (NS_ERROR_FAILURE) [nsIUserIdleService.removeIdleObserver]
!!! error running onStopped callback: TypeError: callback is not a function

###!!! [Parent][RunMessage] Error: Channel closing: too late to send/recv, messages will be lost

1645370066888	RemoteAgent	ERROR	unable to stop listener: [Exception... "Component returned failure code: 0x8000ffff (NS_ERROR_UNEXPECTED) [nsIWindowMediator.getEnumerator]"  nsresult: "0x8000ffff (NS_ERROR_UNEXPECTED)"  location: "JS frame :: chrome://remote/content/cdp/observers/TargetObserver.jsm :: stop :: line 64"  data: no] Stack trace: stop()@TargetObserver.jsm:64
unwatchForTabs()@TargetList.jsm:70
unwatchForTargets()@TargetList.jsm:37
destructor()@TargetList.jsm:109
stop()@CDP.jsm:104
close()@RemoteAgent.jsm:138
1645370071626	geckodriver	INFO	Listening on 127.0.0.1:5290
1645370074726	mozrunner::runner	INFO	Running command: "C:\\Program Files\\Mozilla Firefox\\firefox.exe" "--marionette" "--remote-debugging-port" "5291" "-no-remote" "-profile" "C:\\Users\\javjm\\AppData\\Local\\Temp\\rust_mozprofileqFySWP"
1645370075195	Marionette	INFO	Marionette enabled
console.warn: SearchSettings: "get: No settings file exists, new profile?" (new NotFoundError("Could not open the file at C:\\Users\\javjm\\AppData\\Local\\Temp\\rust_mozprofileqFySWP\\search.json.mozlz4", (void 0)))
DevTools listening on ws://localhost:5291/devtools/browser/f7df597e-391d-46f1-854c-51ad4096f3b5
1645370077630	Marionette	INFO	Listening on port 5299
1645370077914	RemoteAgent	WARN	TLS certificate errors will be ignored for this session
1645370084865	Marionette	INFO	Stopped listening on port 5299
JavaScript error: resource:///modules/Interactions.jsm, line 209: NS_ERROR_FAILURE: Component returned failure code: 0x80004005 (NS_ERROR_FAILURE) [nsIUserIdleService.removeIdleObserver]
!!! error running onStopped callback: TypeError: callback is not a function
1645370085262	RemoteAgent	ERROR	unable to stop listener: [Exception... "Component returned failure code: 0x8000ffff (NS_ERROR_UNEXPECTED) [nsIWindowMediator.getEnumerator]"  nsresult: "0x8000ffff (NS_ERROR_UNEXPECTED)"  location: "JS frame :: chrome://remote/content/cdp/observers/TargetObserver.jsm :: stop :: line 64"  data: no] Stack trace: stop()@TargetObserver.jsm:64
unwatchForTabs()@TargetList.jsm:70
unwatchForTargets()@TargetList.jsm:37
destructor()@TargetList.jsm:109
stop()@CDP.jsm:104
close()@RemoteAgent.jsm:138
1645370102265	geckodriver	INFO	Listening on 127.0.0.1:5356
1645370105348	mozrunner::runner	INFO	Running command: "C:\\Program Files\\Mozilla Firefox\\firefox.exe" "--marionette" "--remote-debugging-port" "5358" "-no-remote" "-profile" "C:\\Users\\javjm\\AppData\\Local\\Temp\\rust_mozprofileaMNiyX"
1645370105811	Marionette	INFO	Marionette enabled
console.warn: SearchSettings: "get: No settings file exists, new profile?" (new NotFoundError("Could not open the file at C:\\Users\\javjm\\AppData\\Local\\Temp\\rust_mozprofileaMNiyX\\search.json.mozlz4", (void 0)))
DevTools listening on ws://localhost:5358/devtools/browser/59dcdb18-da2c-4166-98a6-5f37e23cda7e
1645370109459	Marionette	INFO	Listening on port 5366
1645370109563	RemoteAgent	WARN	TLS certificate errors will be ignored for this session
1645370166728	Marionette	INFO	Stopped listening on port 5366
JavaScript error: resource:///modules/Interactions.jsm, line 209: NS_ERROR_FAILURE: Component returned failure code: 0x80004005 (NS_ERROR_FAILURE) [nsIUserIdleService.removeIdleObserver]
!!! error running onStopped callback: TypeError: callback is not a function
1645370167166	RemoteAgent	ERROR	unable to stop listener: [Exception... "Component returned failure code: 0x8000ffff (NS_ERROR_UNEXPECTED) [nsIWindowMediator.getEnumerator]"  nsresult: "0x8000ffff (NS_ERROR_UNEXPECTED)"  location: "JS frame :: chrome://remote/content/cdp/observers/TargetObserver.jsm :: stop :: line 64"  data: no] Stack trace: stop()@TargetObserver.jsm:64
unwatchForTabs()@TargetList.jsm:70
unwatchForTargets()@TargetList.jsm:37
destructor()@TargetList.jsm:109
stop()@CDP.jsm:104
close()@RemoteAgent.jsm:138
1645370295900	geckodriver	INFO	Listening on 127.0.0.1:5544
1645370298995	mozrunner::runner	INFO	Running command: "C:\\Program Files\\Mozilla Firefox\\firefox.exe" "--marionette" "--remote-debugging-port" "5545" "-no-remote" "-profile" "C:\\Users\\javjm\\AppData\\Local\\Temp\\rust_mozprofile6HYv1V"
1645370299441	Marionette	INFO	Marionette enabled
console.warn: SearchSettings: "get: No settings file exists, new profile?" (new NotFoundError("Could not open the file at C:\\Users\\javjm\\AppData\\Local\\Temp\\rust_mozprofile6HYv1V\\search.json.mozlz4", (void 0)))
DevTools listening on ws://localhost:5545/devtools/browser/451d0f00-f176-48d9-9ce6-6c322773bf17
1645370301997	Marionette	INFO	Listening on port 5553
1645370302179	RemoteAgent	WARN	TLS certificate errors will be ignored for this session
1645370303402	Marionette	INFO	Stopped listening on port 5553
JavaScript error: resource:///modules/Interactions.jsm, line 209: NS_ERROR_FAILURE: Component returned failure code: 0x80004005 (NS_ERROR_FAILURE) [nsIUserIdleService.removeIdleObserver]
!!! error running onStopped callback: TypeError: callback is not a function
1645370303878	RemoteAgent	ERROR	unable to stop listener: [Exception... "Component returned failure code: 0x8000ffff (NS_ERROR_UNEXPECTED) [nsIWindowMediator.getEnumerator]"  nsresult: "0x8000ffff (NS_ERROR_UNEXPECTED)"  location: "JS frame :: chrome://remote/content/cdp/observers/TargetObserver.jsm :: stop :: line 64"  data: no] Stack trace: stop()@TargetObserver.jsm:64
unwatchForTabs()@TargetList.jsm:70
unwatchForTargets()@TargetList.jsm:37
destructor()@TargetList.jsm:109
stop()@CDP.jsm:104
close()@RemoteAgent.jsm:138
1645370320175	geckodriver	INFO	Listening on 127.0.0.1:5601
1645370323257	mozrunner::runner	INFO	Running command: "C:\\Program Files\\Mozilla Firefox\\firefox.exe" "--marionette" "--remote-debugging-port" "5602" "-no-remote" "-profile" "C:\\Users\\javjm\\AppData\\Local\\Temp\\rust_mozprofileCSSN2o"
1645370323763	Marionette	INFO	Marionette enabled
console.warn: SearchSettings: "get: No settings file exists, new profile?" (new NotFoundError("Could not open the file at C:\\Users\\javjm\\AppData\\Local\\Temp\\rust_mozprofileCSSN2o\\search.json.mozlz4", (void 0)))
DevTools listening on ws://localhost:5602/devtools/browser/f9f4d5c2-329c-4fa5-9902-953c38c2264c
1645370326350	Marionette	INFO	Listening on port 5610
1645370326464	RemoteAgent	WARN	TLS certificate errors will be ignored for this session
1645370327839	Marionette	INFO	Stopped listening on port 5610
JavaScript error: resource:///modules/Interactions.jsm, line 209: NS_ERROR_FAILURE: Component returned failure code: 0x80004005 (NS_ERROR_FAILURE) [nsIUserIdleService.removeIdleObserver]
!!! error running onStopped callback: TypeError: callback is not a function
1645370328257	RemoteAgent	ERROR	unable to stop listener: [Exception... "Component returned failure code: 0x8000ffff (NS_ERROR_UNEXPECTED) [nsIWindowMediator.getEnumerator]"  nsresult: "0x8000ffff (NS_ERROR_UNEXPECTED)"  location: "JS frame :: chrome://remote/content/cdp/observers/TargetObserver.jsm :: stop :: line 64"  data: no] Stack trace: stop()@TargetObserver.jsm:64
unwatchForTabs()@TargetList.jsm:70
unwatchForTargets()@TargetList.jsm:37
destructor()@TargetList.jsm:109
stop()@CDP.jsm:104
close()@RemoteAgent.jsm:138
1645371516248	geckodriver	INFO	Listening on 127.0.0.1:6851
1645371519350	mozrunner::runner	INFO	Running command: "C:\\Program Files\\Mozilla Firefox\\firefox.exe" "--marionette" "--remote-debugging-port" "6852" "-no-remote" "-profile" "C:\\Users\\javjm\\AppData\\Local\\Temp\\rust_mozprofile4V9bsS"
1645371519866	Marionette	INFO	Marionette enabled
console.warn: SearchSettings: "get: No settings file exists, new profile?" (new NotFoundError("Could not open the file at C:\\Users\\javjm\\AppData\\Local\\Temp\\rust_mozprofile4V9bsS\\search.json.mozlz4", (void 0)))
DevTools listening on ws://localhost:6852/devtools/browser/0b881fdb-c64e-473d-b0c7-074b8483f7b1
1645371522388	Marionette	INFO	Listening on port 6864
1645371522543	RemoteAgent	WARN	TLS certificate errors will be ignored for this session
1645371524780	Marionette	INFO	Stopped listening on port 6864
JavaScript error: resource:///modules/Interactions.jsm, line 209: NS_ERROR_FAILURE: Component returned failure code: 0x80004005 (NS_ERROR_FAILURE) [nsIUserIdleService.removeIdleObserver]
!!! error running onStopped callback: TypeError: callback is not a function

###!!! [Parent][RunMessage] Error: Channel closing: too late to send/recv, messages will be lost

1645371525233	RemoteAgent	ERROR	unable to stop listener: [Exception... "Component returned failure code: 0x8000ffff (NS_ERROR_UNEXPECTED) [nsIWindowMediator.getEnumerator]"  nsresult: "0x8000ffff (NS_ERROR_UNEXPECTED)"  location: "JS frame :: chrome://remote/content/cdp/observers/TargetObserver.jsm :: stop :: line 64"  data: no] Stack trace: stop()@TargetObserver.jsm:64
unwatchForTabs()@TargetList.jsm:70
unwatchForTargets()@TargetList.jsm:37
destructor()@TargetList.jsm:109
stop()@CDP.jsm:104
close()@RemoteAgent.jsm:138
1645371546381	geckodriver	INFO	Listening on 127.0.0.1:6932
1645371549488	mozrunner::runner	INFO	Running command: "C:\\Program Files\\Mozilla Firefox\\firefox.exe" "--marionette" "--remote-debugging-port" "6933" "-no-remote" "-profile" "C:\\Users\\javjm\\AppData\\Local\\Temp\\rust_mozprofilefymxqt"
1645371549980	Marionette	INFO	Marionette enabled
console.warn: SearchSettings: "get: No settings file exists, new profile?" (new NotFoundError("Could not open the file at C:\\Users\\javjm\\AppData\\Local\\Temp\\rust_mozprofilefymxqt\\search.json.mozlz4", (void 0)))
DevTools listening on ws://localhost:6933/devtools/browser/824685e1-222e-4332-be26-997f4c9647a3
1645371552444	Marionette	INFO	Listening on port 6941
1645371552691	RemoteAgent	WARN	TLS certificate errors will be ignored for this session
1645371569924	Marionette	INFO	Stopped listening on port 6941
JavaScript error: resource:///modules/Interactions.jsm, line 209: NS_ERROR_FAILURE: Component returned failure code: 0x80004005 (NS_ERROR_FAILURE) [nsIUserIdleService.removeIdleObserver]
!!! error running onStopped callback: TypeError: callback is not a function

###!!! [Parent][RunMessage] Error: Channel closing: too late to send/recv, messages will be lost

1645371570342	RemoteAgent	ERROR	unable to stop listener: [Exception... "Component returned failure code: 0x8000ffff (NS_ERROR_UNEXPECTED) [nsIWindowMediator.getEnumerator]"  nsresult: "0x8000ffff (NS_ERROR_UNEXPECTED)"  location: "JS frame :: chrome://remote/content/cdp/observers/TargetObserver.jsm :: stop :: line 64"  data: no] Stack trace: stop()@TargetObserver.jsm:64
unwatchForTabs()@TargetList.jsm:70
unwatchForTargets()@TargetList.jsm:37
destructor()@TargetList.jsm:109
stop()@CDP.jsm:104
close()@RemoteAgent.jsm:138
1645403452445	geckodriver	INFO	Listening on 127.0.0.1:2860
1645403455533	mozrunner::runner	INFO	Running command: "C:\\Program Files\\Mozilla Firefox\\firefox.exe" "--marionette" "--remote-debugging-port" "2861" "-no-remote" "-profile" "C:\\Users\\javjm\\AppData\\Local\\Temp\\rust_mozprofileNNjHDM"
1645403456461	Marionette	INFO	Marionette enabled
console.warn: SearchSettings: "get: No settings file exists, new profile?" (new NotFoundError("Could not open the file at C:\\Users\\javjm\\AppData\\Local\\Temp\\rust_mozprofileNNjHDM\\search.json.mozlz4", (void 0)))
DevTools listening on ws://localhost:2861/devtools/browser/6a5b6488-00fb-4d90-9e31-80d16bc829db
1645403460980	Marionette	INFO	Listening on port 2867
1645403461390	RemoteAgent	WARN	TLS certificate errors will be ignored for this session
1645403475095	Marionette	INFO	Stopped listening on port 2867
JavaScript error: resource:///modules/Interactions.jsm, line 209: NS_ERROR_FAILURE: Component returned failure code: 0x80004005 (NS_ERROR_FAILURE) [nsIUserIdleService.removeIdleObserver]
!!! error running onStopped callback: TypeError: callback is not a function

###!!! [Parent][RunMessage] Error: Channel closing: too late to send/recv, messages will be lost

1645403475563	RemoteAgent	ERROR	unable to stop listener: [Exception... "Component returned failure code: 0x8000ffff (NS_ERROR_UNEXPECTED) [nsIWindowMediator.getEnumerator]"  nsresult: "0x8000ffff (NS_ERROR_UNEXPECTED)"  location: "JS frame :: chrome://remote/content/cdp/observers/TargetObserver.jsm :: stop :: line 64"  data: no] Stack trace: stop()@TargetObserver.jsm:64
unwatchForTabs()@TargetList.jsm:70
unwatchForTargets()@TargetList.jsm:37
destructor()@TargetList.jsm:109
stop()@CDP.jsm:104
close()@RemoteAgent.jsm:138
1645403504703	geckodriver	INFO	Listening on 127.0.0.1:2938
1645403507796	mozrunner::runner	INFO	Running command: "C:\\Program Files\\Mozilla Firefox\\firefox.exe" "--marionette" "--remote-debugging-port" "2939" "-no-remote" "-profile" "C:\\Users\\javjm\\AppData\\Local\\Temp\\rust_mozprofilejV5oyK"
1645403508304	Marionette	INFO	Marionette enabled
console.warn: SearchSettings: "get: No settings file exists, new profile?" (new NotFoundError("Could not open the file at C:\\Users\\javjm\\AppData\\Local\\Temp\\rust_mozprofilejV5oyK\\search.json.mozlz4", (void 0)))
DevTools listening on ws://localhost:2939/devtools/browser/3e9f7102-30e7-4f87-8b44-b263b15ab1ce
1645403510502	Marionette	INFO	Listening on port 2947
1645403510995	RemoteAgent	WARN	TLS certificate errors will be ignored for this session
1645403512864	Marionette	INFO	Stopped listening on port 2947
JavaScript error: resource:///modules/Interactions.jsm, line 209: NS_ERROR_FAILURE: Component returned failure code: 0x80004005 (NS_ERROR_FAILURE) [nsIUserIdleService.removeIdleObserver]
JavaScript error: resource://gre/modules/UrlClassifierListManager.jsm, line 691: TypeError: this.tablesData[table] is undefined
!!! error running onStopped callback: TypeError: callback is not a function
1645403513289	RemoteAgent	ERROR	unable to stop listener: [Exception... "Component returned failure code: 0x8000ffff (NS_ERROR_UNEXPECTED) [nsIWindowMediator.getEnumerator]"  nsresult: "0x8000ffff (NS_ERROR_UNEXPECTED)"  location: "JS frame :: chrome://remote/content/cdp/observers/TargetObserver.jsm :: stop :: line 64"  data: no] Stack trace: stop()@TargetObserver.jsm:64
unwatchForTabs()@TargetList.jsm:70
unwatchForTargets()@TargetList.jsm:37
destructor()@TargetList.jsm:109
stop()@CDP.jsm:104
close()@RemoteAgent.jsm:138
1645403568479	geckodriver	INFO	Listening on 127.0.0.1:3024
1645403571566	mozrunner::runner	INFO	Running command: "C:\\Program Files\\Mozilla Firefox\\firefox.exe" "--marionette" "--remote-debugging-port" "3025" "-no-remote" "-profile" "C:\\Users\\javjm\\AppData\\Local\\Temp\\rust_mozprofile2TLoMj"
1645403572018	Marionette	INFO	Marionette enabled
console.warn: SearchSettings: "get: No settings file exists, new profile?" (new NotFoundError("Could not open the file at C:\\Users\\javjm\\AppData\\Local\\Temp\\rust_mozprofile2TLoMj\\search.json.mozlz4", (void 0)))
DevTools listening on ws://localhost:3025/devtools/browser/7f750059-43d1-421b-a6cb-cd7d87c35337
1645403574240	Marionette	INFO	Listening on port 3031
1645403574754	RemoteAgent	WARN	TLS certificate errors will be ignored for this session
1645403949197	Marionette	INFO	Stopped listening on port 3031
JavaScript error: resource:///modules/Interactions.jsm, line 209: NS_ERROR_FAILURE: Component returned failure code: 0x80004005 (NS_ERROR_FAILURE) [nsIUserIdleService.removeIdleObserver]
!!! error running onStopped callback: TypeError: callback is not a function

###!!! [Parent][RunMessage] Error: Channel closing: too late to send/recv, messages will be lost

1645403949442	RemoteAgent	ERROR	unable to stop listener: [Exception... "Component returned failure code: 0x8000ffff (NS_ERROR_UNEXPECTED) [nsIWindowMediator.getEnumerator]"  nsresult: "0x8000ffff (NS_ERROR_UNEXPECTED)"  location: "JS frame :: chrome://remote/content/cdp/observers/TargetObserver.jsm :: stop :: line 64"  data: no] Stack trace: stop()@TargetObserver.jsm:64
unwatchForTabs()@TargetList.jsm:70
unwatchForTargets()@TargetList.jsm:37
destructor()@TargetList.jsm:109
stop()@CDP.jsm:104
close()@RemoteAgent.jsm:138
1645403950701	geckodriver	INFO	Listening on 127.0.0.1:3274
1645403953792	mozrunner::runner	INFO	Running command: "C:\\Program Files\\Mozilla Firefox\\firefox.exe" "--marionette" "--remote-debugging-port" "3275" "-no-remote" "-profile" "C:\\Users\\javjm\\AppData\\Local\\Temp\\rust_mozprofileuma1XB"
1645403954280	Marionette	INFO	Marionette enabled
console.warn: SearchSettings: "get: No settings file exists, new profile?" (new NotFoundError("Could not open the file at C:\\Users\\javjm\\AppData\\Local\\Temp\\rust_mozprofileuma1XB\\search.json.mozlz4", (void 0)))
DevTools listening on ws://localhost:3275/devtools/browser/6c949ab9-1864-4dc9-96d4-edcb7dd48bea
1645403956705	Marionette	INFO	Listening on port 3281
1645403957000	RemoteAgent	WARN	TLS certificate errors will be ignored for this session
1645403958691	Marionette	INFO	Stopped listening on port 3281
JavaScript error: resource:///modules/Interactions.jsm, line 209: NS_ERROR_FAILURE: Component returned failure code: 0x80004005 (NS_ERROR_FAILURE) [nsIUserIdleService.removeIdleObserver]
!!! error running onStopped callback: TypeError: callback is not a function

###!!! [Parent][RunMessage] Error: Channel closing: too late to send/recv, messages will be lost

1645403959156	RemoteAgent	ERROR	unable to stop listener: [Exception... "Component returned failure code: 0x8000ffff (NS_ERROR_UNEXPECTED) [nsIWindowMediator.getEnumerator]"  nsresult: "0x8000ffff (NS_ERROR_UNEXPECTED)"  location: "JS frame :: chrome://remote/content/cdp/observers/TargetObserver.jsm :: stop :: line 64"  data: no] Stack trace: stop()@TargetObserver.jsm:64
unwatchForTabs()@TargetList.jsm:70
unwatchForTargets()@TargetList.jsm:37
destructor()@TargetList.jsm:109
stop()@CDP.jsm:104
close()@RemoteAgent.jsm:138
1645403966345	geckodriver	INFO	Listening on 127.0.0.1:3326
1645403969409	mozrunner::runner	INFO	Running command: "C:\\Program Files\\Mozilla Firefox\\firefox.exe" "--marionette" "--remote-debugging-port" "3327" "-no-remote" "-profile" "C:\\Users\\javjm\\AppData\\Local\\Temp\\rust_mozprofileOzlWuG"
1645403969839	Marionette	INFO	Marionette enabled
console.warn: SearchSettings: "get: No settings file exists, new profile?" (new NotFoundError("Could not open the file at C:\\Users\\javjm\\AppData\\Local\\Temp\\rust_mozprofileOzlWuG\\search.json.mozlz4", (void 0)))
DevTools listening on ws://localhost:3327/devtools/browser/f1c6678a-b0d9-4f34-98dd-8dd772baee33
1645403972351	Marionette	INFO	Listening on port 3334
1645403972594	RemoteAgent	WARN	TLS certificate errors will be ignored for this session
1645403974101	Marionette	INFO	Stopped listening on port 3334
JavaScript error: resource:///modules/Interactions.jsm, line 209: NS_ERROR_FAILURE: Component returned failure code: 0x80004005 (NS_ERROR_FAILURE) [nsIUserIdleService.removeIdleObserver]
!!! error running onStopped callback: TypeError: callback is not a function
JavaScript error: resource://gre/modules/UrlClassifierListManager.jsm, line 691: TypeError: this.tablesData[table] is undefined
1645403975018	RemoteAgent	ERROR	unable to stop listener: [Exception... "Component returned failure code: 0x8000ffff (NS_ERROR_UNEXPECTED) [nsIWindowMediator.getEnumerator]"  nsresult: "0x8000ffff (NS_ERROR_UNEXPECTED)"  location: "JS frame :: chrome://remote/content/cdp/observers/TargetObserver.jsm :: stop :: line 64"  data: no] Stack trace: stop()@TargetObserver.jsm:64
unwatchForTabs()@TargetList.jsm:70
unwatchForTargets()@TargetList.jsm:37
destructor()@TargetList.jsm:109
stop()@CDP.jsm:104
close()@RemoteAgent.jsm:138
1645404008340	geckodriver	INFO	Listening on 127.0.0.1:3393
1645404011425	mozrunner::runner	INFO	Running command: "C:\\Program Files\\Mozilla Firefox\\firefox.exe" "--marionette" "--remote-debugging-port" "3394" "-no-remote" "-profile" "C:\\Users\\javjm\\AppData\\Local\\Temp\\rust_mozprofilebd5l80"
1645404011959	Marionette	INFO	Marionette enabled
console.warn: SearchSettings: "get: No settings file exists, new profile?" (new NotFoundError("Could not open the file at C:\\Users\\javjm\\AppData\\Local\\Temp\\rust_mozprofilebd5l80\\search.json.mozlz4", (void 0)))
DevTools listening on ws://localhost:3394/devtools/browser/c82506a3-c03f-4b8b-aaa8-f23761f49a47
1645404014512	Marionette	INFO	Listening on port 3400
1645404014646	RemoteAgent	WARN	TLS certificate errors will be ignored for this session
1645404016222	Marionette	INFO	Stopped listening on port 3400
JavaScript error: resource:///modules/Interactions.jsm, line 209: NS_ERROR_FAILURE: Component returned failure code: 0x80004005 (NS_ERROR_FAILURE) [nsIUserIdleService.removeIdleObserver]
!!! error running onStopped callback: TypeError: callback is not a function

###!!! [Parent][RunMessage] Error: Channel closing: too late to send/recv, messages will be lost

1645404016667	RemoteAgent	ERROR	unable to stop listener: [Exception... "Component returned failure code: 0x8000ffff (NS_ERROR_UNEXPECTED) [nsIWindowMediator.getEnumerator]"  nsresult: "0x8000ffff (NS_ERROR_UNEXPECTED)"  location: "JS frame :: chrome://remote/content/cdp/observers/TargetObserver.jsm :: stop :: line 64"  data: no] Stack trace: stop()@TargetObserver.jsm:64
unwatchForTabs()@TargetList.jsm:70
unwatchForTargets()@TargetList.jsm:37
destructor()@TargetList.jsm:109
stop()@CDP.jsm:104
close()@RemoteAgent.jsm:138
1645404066113	geckodriver	INFO	Listening on 127.0.0.1:3463
1645404069185	mozrunner::runner	INFO	Running command: "C:\\Program Files\\Mozilla Firefox\\firefox.exe" "--marionette" "--remote-debugging-port" "3464" "-no-remote" "-profile" "C:\\Users\\javjm\\AppData\\Local\\Temp\\rust_mozprofilejdsGhP"
1645404069616	Marionette	INFO	Marionette enabled
console.warn: SearchSettings: "get: No settings file exists, new profile?" (new NotFoundError("Could not open the file at C:\\Users\\javjm\\AppData\\Local\\Temp\\rust_mozprofilejdsGhP\\search.json.mozlz4", (void 0)))
DevTools listening on ws://localhost:3464/devtools/browser/480df27d-4f47-4d79-aee5-cd4b62f63a49
1645404071878	Marionette	INFO	Listening on port 3470
1645404072374	RemoteAgent	WARN	TLS certificate errors will be ignored for this session
1645404074057	Marionette	INFO	Stopped listening on port 3470
JavaScript error: resource:///modules/Interactions.jsm, line 209: NS_ERROR_FAILURE: Component returned failure code: 0x80004005 (NS_ERROR_FAILURE) [nsIUserIdleService.removeIdleObserver]
!!! error running onStopped callback: TypeError: callback is not a function

###!!! [Parent][RunMessage] Error: Channel closing: too late to send/recv, messages will be lost

1645404074460	RemoteAgent	ERROR	unable to stop listener: [Exception... "Component returned failure code: 0x8000ffff (NS_ERROR_UNEXPECTED) [nsIWindowMediator.getEnumerator]"  nsresult: "0x8000ffff (NS_ERROR_UNEXPECTED)"  location: "JS frame :: chrome://remote/content/cdp/observers/TargetObserver.jsm :: stop :: line 64"  data: no] Stack trace: stop()@TargetObserver.jsm:64
unwatchForTabs()@TargetList.jsm:70
unwatchForTargets()@TargetList.jsm:37
destructor()@TargetList.jsm:109
stop()@CDP.jsm:104
close()@RemoteAgent.jsm:138
1645464839551	geckodriver	INFO	Listening on 127.0.0.1:5517
1645464842639	mozrunner::runner	INFO	Running command: "C:\\Program Files\\Mozilla Firefox\\firefox.exe" "--marionette" "--remote-debugging-port" "5518" "-no-remote" "-profile" "C:\\Users\\javjm\\AppData\\Local\\Temp\\rust_mozprofilejV1G05"
1645464843613	Marionette	INFO	Marionette enabled
console.warn: SearchSettings: "get: No settings file exists, new profile?" (new NotFoundError("Could not open the file at C:\\Users\\javjm\\AppData\\Local\\Temp\\rust_mozprofilejV1G05\\search.json.mozlz4", (void 0)))
DevTools listening on ws://localhost:5518/devtools/browser/4928fb83-a4e7-488a-9274-53ab4ed03928
1645464846586	Marionette	INFO	Listening on port 5525
1645464846873	RemoteAgent	WARN	TLS certificate errors will be ignored for this session
1645464848412	Marionette	INFO	Stopped listening on port 5525
JavaScript error: resource:///modules/Interactions.jsm, line 209: NS_ERROR_FAILURE: Component returned failure code: 0x80004005 (NS_ERROR_FAILURE) [nsIUserIdleService.removeIdleObserver]
JavaScript error: resource://gre/modules/UrlClassifierListManager.jsm, line 691: TypeError: this.tablesData[table] is undefined
!!! error running onStopped callback: TypeError: callback is not a function
1645464848931	RemoteAgent	ERROR	unable to stop listener: [Exception... "Component returned failure code: 0x8000ffff (NS_ERROR_UNEXPECTED) [nsIWindowMediator.getEnumerator]"  nsresult: "0x8000ffff (NS_ERROR_UNEXPECTED)"  location: "JS frame :: chrome://remote/content/cdp/observers/TargetObserver.jsm :: stop :: line 64"  data: no] Stack trace: stop()@TargetObserver.jsm:64
unwatchForTabs()@TargetList.jsm:70
unwatchForTargets()@TargetList.jsm:37
destructor()@TargetList.jsm:109
stop()@CDP.jsm:104
close()@RemoteAgent.jsm:138
1645464873033	geckodriver	INFO	Listening on 127.0.0.1:5579
1645464876115	mozrunner::runner	INFO	Running command: "C:\\Program Files\\Mozilla Firefox\\firefox.exe" "--marionette" "--remote-debugging-port" "5580" "-no-remote" "-profile" "C:\\Users\\javjm\\AppData\\Local\\Temp\\rust_mozprofilenpmDBr"
1645464876600	Marionette	INFO	Marionette enabled
console.warn: SearchSettings: "get: No settings file exists, new profile?" (new NotFoundError("Could not open the file at C:\\Users\\javjm\\AppData\\Local\\Temp\\rust_mozprofilenpmDBr\\search.json.mozlz4", (void 0)))
DevTools listening on ws://localhost:5580/devtools/browser/31066a1e-19a0-497f-a661-b099ff61e19c
1645464878893	Marionette	INFO	Listening on port 5586
1645464879325	RemoteAgent	WARN	TLS certificate errors will be ignored for this session
1645464881080	Marionette	INFO	Stopped listening on port 5586
JavaScript error: resource:///modules/Interactions.jsm, line 209: NS_ERROR_FAILURE: Component returned failure code: 0x80004005 (NS_ERROR_FAILURE) [nsIUserIdleService.removeIdleObserver]
!!! error running onStopped callback: TypeError: callback is not a function
1645464881542	RemoteAgent	ERROR	unable to stop listener: [Exception... "Component returned failure code: 0x8000ffff (NS_ERROR_UNEXPECTED) [nsIWindowMediator.getEnumerator]"  nsresult: "0x8000ffff (NS_ERROR_UNEXPECTED)"  location: "JS frame :: chrome://remote/content/cdp/observers/TargetObserver.jsm :: stop :: line 64"  data: no] Stack trace: stop()@TargetObserver.jsm:64
unwatchForTabs()@TargetList.jsm:70
unwatchForTargets()@TargetList.jsm:37
destructor()@TargetList.jsm:109
stop()@CDP.jsm:104
close()@RemoteAgent.jsm:138
1645464922084	geckodriver	INFO	Listening on 127.0.0.1:5648
1645464925166	mozrunner::runner	INFO	Running command: "C:\\Program Files\\Mozilla Firefox\\firefox.exe" "--marionette" "--remote-debugging-port" "5649" "-no-remote" "-profile" "C:\\Users\\javjm\\AppData\\Local\\Temp\\rust_mozprofilee797lA"
1645464925602	Marionette	INFO	Marionette enabled
console.warn: SearchSettings: "get: No settings file exists, new profile?" (new NotFoundError("Could not open the file at C:\\Users\\javjm\\AppData\\Local\\Temp\\rust_mozprofilee797lA\\search.json.mozlz4", (void 0)))
DevTools listening on ws://localhost:5649/devtools/browser/ca190645-1d78-41c0-99d2-27ed27519ea8
1645464927900	Marionette	INFO	Listening on port 5656
1645464928369	RemoteAgent	WARN	TLS certificate errors will be ignored for this session
1645464930108	Marionette	INFO	Stopped listening on port 5656
JavaScript error: resource:///modules/Interactions.jsm, line 209: NS_ERROR_FAILURE: Component returned failure code: 0x80004005 (NS_ERROR_FAILURE) [nsIUserIdleService.removeIdleObserver]
!!! error running onStopped callback: TypeError: callback is not a function

###!!! [Parent][RunMessage] Error: Channel closing: too late to send/recv, messages will be lost

1645464930506	RemoteAgent	ERROR	unable to stop listener: [Exception... "Component returned failure code: 0x8000ffff (NS_ERROR_UNEXPECTED) [nsIWindowMediator.getEnumerator]"  nsresult: "0x8000ffff (NS_ERROR_UNEXPECTED)"  location: "JS frame :: chrome://remote/content/cdp/observers/TargetObserver.jsm :: stop :: line 64"  data: no] Stack trace: stop()@TargetObserver.jsm:64
unwatchForTabs()@TargetList.jsm:70
unwatchForTargets()@TargetList.jsm:37
destructor()@TargetList.jsm:109
stop()@CDP.jsm:104
close()@RemoteAgent.jsm:138
1645464969347	geckodriver	INFO	Listening on 127.0.0.1:5715
1645464972435	mozrunner::runner	INFO	Running command: "C:\\Program Files\\Mozilla Firefox\\firefox.exe" "--marionette" "--remote-debugging-port" "5716" "-no-remote" "-profile" "C:\\Users\\javjm\\AppData\\Local\\Temp\\rust_mozprofileHufDxh"
1645464972905	Marionette	INFO	Marionette enabled
console.warn: SearchSettings: "get: No settings file exists, new profile?" (new NotFoundError("Could not open the file at C:\\Users\\javjm\\AppData\\Local\\Temp\\rust_mozprofileHufDxh\\search.json.mozlz4", (void 0)))
DevTools listening on ws://localhost:5716/devtools/browser/16080b98-b069-4cf0-b429-82aa20ddf4d8
1645464975304	Marionette	INFO	Listening on port 5723
1645464975589	RemoteAgent	WARN	TLS certificate errors will be ignored for this session
1645465280287	Marionette	INFO	Stopped listening on port 5723
JavaScript error: resource:///modules/Interactions.jsm, line 209: NS_ERROR_FAILURE: Component returned failure code: 0x80004005 (NS_ERROR_FAILURE) [nsIUserIdleService.removeIdleObserver]
!!! error running onStopped callback: TypeError: callback is not a function

###!!! [Parent][RunMessage] Error: Channel closing: too late to send/recv, messages will be lost

1645465280550	RemoteAgent	ERROR	unable to stop listener: [Exception... "Component returned failure code: 0x8000ffff (NS_ERROR_UNEXPECTED) [nsIWindowMediator.getEnumerator]"  nsresult: "0x8000ffff (NS_ERROR_UNEXPECTED)"  location: "JS frame :: chrome://remote/content/cdp/observers/TargetObserver.jsm :: stop :: line 64"  data: no] Stack trace: stop()@TargetObserver.jsm:64
unwatchForTabs()@TargetList.jsm:70
unwatchForTargets()@TargetList.jsm:37
destructor()@TargetList.jsm:109
stop()@CDP.jsm:104
close()@RemoteAgent.jsm:138
